search/build/intermediates/manifest_merge_blame_file/debug/manifest-merger-blame-debug-report.txt
1<?xml version="1.0" encoding="utf-8"?>
2<manifest xmlns:android="http://schemas.android.com/apk/res/android"
3    package="com.example.search"
4    android:versionCode="1"
5    android:versionName="1.0" >
6
7    <uses-sdk
8        android:minSdkVersion="21"
8-->src\main\AndroidManifest.xml
9        android:targetSdkVersion="32" />
9-->src\main\AndroidManifest.xml
10    <!-- 网络 -->
11    <uses-permission android:name="android.permission.INTERNET" />
11-->src\main\AndroidManifest.xml:6:5-67
11-->src\main\AndroidManifest.xml:6:22-64
12    <uses-permission android:name="android.permission.ACCESS_NETWORK_STATE" /> <!-- 读 -->
12-->[:common] AndroidManifest.xml:11:5-79
12-->[:common] AndroidManifest.xml:11:22-76
13    <uses-permission android:name="android.permission.READ_EXTERNAL_STORAGE" /> <!-- 写 -->
13-->[:common] AndroidManifest.xml:12:5-80
13-->[:common] AndroidManifest.xml:12:22-77
14    <uses-permission android:name="android.permission.WRITE_EXTERNAL_STORAGE" />
14-->[:common] AndroidManifest.xml:13:5-81
14-->[:common] AndroidManifest.xml:13:22-78
15
16    <application
16-->src\main\AndroidManifest.xml:8:5-26:19
17        android:name="com.example.common.utils.MyApplication"
17-->src\main\AndroidManifest.xml:9:9-62
18        android:allowBackup="true"
18-->src\main\AndroidManifest.xml:10:9-35
19        android:appComponentFactory="androidx.core.app.CoreComponentFactory"
19-->[androidx.core:core:1.8.0] AndroidManifest.xml:24:18-86
20        android:debuggable="true"
20-->[:common] AndroidManifest.xml:18:9-34
21        android:icon="@drawable/ic_icon"
21-->src\main\AndroidManifest.xml:11:9-41
22        android:label="@string/app_name"
22-->src\main\AndroidManifest.xml:12:9-41
23        android:requestLegacyExternalStorage="true"
23-->[:common] AndroidManifest.xml:21:9-52
24        android:roundIcon="@drawable/ic_icon"
24-->src\main\AndroidManifest.xml:13:9-46
25        android:supportsRtl="true"
25-->src\main\AndroidManifest.xml:14:9-35
26        android:testOnly="true"
27        android:theme="@style/Theme.EasyListen"
27-->src\main\AndroidManifest.xml:15:9-48
28        android:usesCleartextTraffic="true" >
28-->src\main\AndroidManifest.xml:16:9-44
29        <activity
29-->src\main\AndroidManifest.xml:18:9-25:20
30            android:name="com.example.search.ui.SearchActivity"
30-->src\main\AndroidManifest.xml:19:13-46
31            android:exported="true" >
31-->src\main\AndroidManifest.xml:20:13-36
32            <intent-filter>
32-->src\main\AndroidManifest.xml:21:13-24:29
33                <action android:name="android.intent.action.MAIN" />
33-->src\main\AndroidManifest.xml:22:17-69
33-->src\main\AndroidManifest.xml:22:25-66
34
35                <category android:name="android.intent.category.LAUNCHER" />
35-->src\main\AndroidManifest.xml:23:17-77
35-->src\main\AndroidManifest.xml:23:27-74
36            </intent-filter>
37        </activity>
38        <activity
38-->[:music_comment] AndroidManifest.xml:20:9-23:20
39            android:name="com.example.music_comment.ui.MusicCommentActivity"
39-->[:music_comment] AndroidManifest.xml:21:13-77
40            android:exported="true" >
40-->[:music_comment] AndroidManifest.xml:22:13-36
41        </activity>
42
43        <service
43-->[androidx.room:room-runtime:2.4.3] AndroidManifest.xml:25:9-28:40
44            android:name="androidx.room.MultiInstanceInvalidationService"
44-->[androidx.room:room-runtime:2.4.3] AndroidManifest.xml:26:13-74
45            android:directBootAware="true"
45-->[androidx.room:room-runtime:2.4.3] AndroidManifest.xml:27:13-43
46            android:exported="false" />
46-->[androidx.room:room-runtime:2.4.3] AndroidManifest.xml:28:13-37
47
48        <provider
48-->[androidx.emoji2:emoji2:1.2.0] AndroidManifest.xml:24:9-32:20
49            android:name="androidx.startup.InitializationProvider"
49-->[androidx.emoji2:emoji2:1.2.0] AndroidManifest.xml:25:13-67
50            android:authorities="com.example.search.androidx-startup"
50-->[androidx.emoji2:emoji2:1.2.0] AndroidManifest.xml:26:13-68
51            android:exported="false" >
51-->[androidx.emoji2:emoji2:1.2.0] AndroidManifest.xml:27:13-37
52            <meta-data
52-->[androidx.emoji2:emoji2:1.2.0] AndroidManifest.xml:29:13-31:52
53                android:name="androidx.emoji2.text.EmojiCompatInitializer"
53-->[androidx.emoji2:emoji2:1.2.0] AndroidManifest.xml:30:17-75
54                android:value="androidx.startup" />
54-->[androidx.emoji2:emoji2:1.2.0] AndroidManifest.xml:31:17-49
55            <meta-data
55-->[androidx.lifecycle:lifecycle-process:2.5.0] AndroidManifest.xml:31:13-33:52
56                android:name="androidx.lifecycle.ProcessLifecycleInitializer"
56-->[androidx.lifecycle:lifecycle-process:2.5.0] AndroidManifest.xml:32:17-78
57                android:value="androidx.startup" />
57-->[androidx.lifecycle:lifecycle-process:2.5.0] AndroidManifest.xml:33:17-49
58        </provider>
59    </application>
60
61</manifest>